f:\我的文档\孙鹏\develop\图形图像\videoplayer\videoplayer\debug\videoplayer.pch
f:\我的文档\孙鹏\develop\图形图像\videoplayer\videoplayer\debug\vc120.pdb
f:\我的文档\孙鹏\develop\图形图像\videoplayer\videoplayer\debug\vc120.idb
f:\我的文档\孙鹏\develop\图形图像\videoplayer\videoplayer\debug\stdafx.obj
f:\我的文档\孙鹏\develop\图形图像\videoplayer\videoplayer\debug\videoplayer.obj
f:\我的文档\孙鹏\develop\图形图像\videoplayer\videoplayer\debug\videoplayerdlg.obj
f:\我的文档\孙鹏\develop\图形图像\videoplayer\videoplayer\debug\cvvimage.obj
f:\我的文档\孙鹏\develop\图形图像\videoplayer\videoplayer\debug\videoplayer.res
f:\我的文档\孙鹏\develop\图形图像\videoplayer\videoplayer\debug\videoplayer.exe.embed.manifest
f:\我的文档\孙鹏\develop\图形图像\videoplayer\videoplayer\debug\videoplayer.exe.intermediate.manifest
f:\我的文档\孙鹏\develop\图形图像\videoplayer\videoplayer\debug\videoplayer.exe.embed.manifest.res
f:\我的文档\孙鹏\develop\图形图像\videoplayer\videoplayer\debug\vc90.idb
f:\我的文档\孙鹏\develop\图形图像\videoplayer\videoplayer\debug\vc90.pdb
f:\我的文档\孙鹏\develop\图形图像\videoplayer\videoplayer\debug\videoplayer.tlog\cl.command.1.tlog
f:\我的文档\孙鹏\develop\图形图像\videoplayer\videoplayer\debug\videoplayer.tlog\cl.read.1.tlog
f:\我的文档\孙鹏\develop\图形图像\videoplayer\videoplayer\debug\videoplayer.tlog\cl.write.1.tlog
f:\我的文档\孙鹏\develop\图形图像\videoplayer\videoplayer\debug\videoplayer.tlog\link-cvtres.read.1.tlog
f:\我的文档\孙鹏\develop\图形图像\videoplayer\videoplayer\debug\videoplayer.tlog\link-cvtres.write.1.tlog
f:\我的文档\孙鹏\develop\图形图像\videoplayer\videoplayer\debug\videoplayer.tlog\link-mt.read.1.tlog
f:\我的文档\孙鹏\develop\图形图像\videoplayer\videoplayer\debug\videoplayer.tlog\link-mt.write.1.tlog
f:\我的文档\孙鹏\develop\图形图像\videoplayer\videoplayer\debug\videoplayer.tlog\link-rc.read.1.tlog
f:\我的文档\孙鹏\develop\图形图像\videoplayer\videoplayer\debug\videoplayer.tlog\link-rc.write.1.tlog
f:\我的文档\孙鹏\develop\图形图像\videoplayer\videoplayer\debug\videoplayer.tlog\link.command.1.tlog
f:\我的文档\孙鹏\develop\图形图像\videoplayer\videoplayer\debug\videoplayer.tlog\link.read.1.tlog
f:\我的文档\孙鹏\develop\图形图像\videoplayer\videoplayer\debug\videoplayer.tlog\link.write.1.tlog
f:\我的文档\孙鹏\develop\图形图像\videoplayer\videoplayer\debug\videoplayer.tlog\rc.command.1.tlog
f:\我的文档\孙鹏\develop\图形图像\videoplayer\videoplayer\debug\videoplayer.tlog\rc.read.1.tlog
f:\我的文档\孙鹏\develop\图形图像\videoplayer\videoplayer\debug\videoplayer.tlog\rc.write.1.tlog
